Started GET "/" for 127.0.0.1 at 2017-11-27 10:47:32 -0500
  
ActiveRecord::NoDatabaseError (FATAL:  database "ruby-search-app_development" does not exist
):
  
activerecord (5.0.6) lib/active_record/connection_adapters/postgresql_adapter.rb:675:in `rescue in connect'
activerecord (5.0.6) lib/active_record/connection_adapters/postgresql_adapter.rb:671:in `connect'
activerecord (5.0.6) lib/active_record/connection_adapters/postgresql_adapter.rb:217:in `initialize'
activerecord (5.0.6) lib/active_record/connection_adapters/postgresql_adapter.rb:37:in `new'
activerecord (5.0.6) lib/active_record/connection_adapters/postgresql_adapter.rb:37:in `postgresql_connection'
activerecord (5.0.6) lib/active_record/connection_adapters/abstract/connection_pool.rb:729:in `new_connection'
activerecord (5.0.6) lib/active_record/connection_adapters/abstract/connection_pool.rb:773:in `checkout_new_connection'
activerecord (5.0.6) lib/active_record/connection_adapters/abstract/connection_pool.rb:752:in `try_to_checkout_new_connection'
activerecord (5.0.6) lib/active_record/connection_adapters/abstract/connection_pool.rb:713:in `acquire_connection'
activerecord (5.0.6) lib/active_record/connection_adapters/abstract/connection_pool.rb:490:in `checkout'
activerecord (5.0.6) lib/active_record/connection_adapters/abstract/connection_pool.rb:364:in `connection'
activerecord (5.0.6) lib/active_record/connection_adapters/abstract/connection_pool.rb:883:in `retrieve_connection'
activerecord (5.0.6) lib/active_record/connection_handling.rb:128:in `retrieve_connection'
activerecord (5.0.6) lib/active_record/connection_handling.rb:91:in `connection'
activerecord (5.0.6) lib/active_record/migration.rb:559:in `connection'
activerecord (5.0.6) lib/active_record/migration.rb:546:in `call'
actionpack (5.0.6) lib/action_dispatch/middleware/callbacks.rb:38:in `block in call'
activesupport (5.0.6) lib/active_support/callbacks.rb:97:in `__run_callbacks__'
activesupport (5.0.6) lib/active_support/callbacks.rb:750:in `_run_call_callbacks'
activesupport (5.0.6) lib/active_support/callbacks.rb:90:in `run_callbacks'
actionpack (5.0.6) lib/action_dispatch/middleware/callbacks.rb:36:in `call'
actionpack (5.0.6) lib/action_dispatch/middleware/executor.rb:12:in `call'
actionpack (5.0.6) lib/action_dispatch/middleware/remote_ip.rb:79:in `call'
actionpack (5.0.6) lib/action_dispatch/middleware/debug_exceptions.rb:49:in `call'
web-console (3.5.1) lib/web_console/middleware.rb:135:in `call_app'
web-console (3.5.1) lib/web_console/middleware.rb:28:in `block in call'
web-console (3.5.1) lib/web_console/middleware.rb:18:in `catch'
web-console (3.5.1) lib/web_console/middleware.rb:18:in `call'
actionpack (5.0.6) lib/action_dispatch/middleware/show_exceptions.rb:31:in `call'
railties (5.0.6) lib/rails/rack/logger.rb:36:in `call_app'
railties (5.0.6) lib/rails/rack/logger.rb:24:in `block in call'
activesupport (5.0.6) lib/active_support/tagged_logging.rb:69:in `block in tagged'
activesupport (5.0.6) lib/active_support/tagged_logging.rb:26:in `tagged'
activesupport (5.0.6) lib/active_support/tagged_logging.rb:69:in `tagged'
railties (5.0.6) lib/rails/rack/logger.rb:24:in `call'
sprockets-rails (3.2.1) lib/sprockets/rails/quiet_assets.rb:13:in `call'
actionpack (5.0.6) lib/action_dispatch/middleware/request_id.rb:24:in `call'
rack (2.0.3) lib/rack/method_override.rb:22:in `call'
rack (2.0.3) lib/rack/runtime.rb:22:in `call'
activesupport (5.0.6) lib/active_support/cache/strategy/local_cache_middleware.rb:28:in `call'
actionpack (5.0.6) lib/action_dispatch/middleware/executor.rb:12:in `call'
actionpack (5.0.6) lib/action_dispatch/middleware/static.rb:136:in `call'
rack (2.0.3) lib/rack/sendfile.rb:111:in `call'
railties (5.0.6) lib/rails/engine.rb:522:in `call'
puma (3.11.0) lib/puma/configuration.rb:225:in `call'
puma (3.11.0) lib/puma/server.rb:624:in `handle_request'
puma (3.11.0) lib/puma/server.rb:438:in `process_client'
puma (3.11.0) lib/puma/server.rb:302:in `block in run'
puma (3.11.0) lib/puma/thread_pool.rb:120:in `block in spawn_thread'
  Rendering /Library/Ruby/Gems/2.3.0/gems/actionpack-5.0.6/lib/action_dispatch/middleware/templates/rescues/diagnostics.html.erb within rescues/layout
  Rendering /Library/Ruby/Gems/2.3.0/gems/actionpack-5.0.6/lib/action_dispatch/middleware/templates/rescues/_source.html.erb
  Rendered /Library/Ruby/Gems/2.3.0/gems/actionpack-5.0.6/lib/action_dispatch/middleware/templates/rescues/_source.html.erb (3.2ms)
  Rendering /Library/Ruby/Gems/2.3.0/gems/actionpack-5.0.6/lib/action_dispatch/middleware/templates/rescues/_trace.html.erb
  Rendered /Library/Ruby/Gems/2.3.0/gems/actionpack-5.0.6/lib/action_dispatch/middleware/templates/rescues/_trace.html.erb (2.4ms)
  Rendering /Library/Ruby/Gems/2.3.0/gems/actionpack-5.0.6/lib/action_dispatch/middleware/templates/rescues/_request_and_response.html.erb
  Rendered /Library/Ruby/Gems/2.3.0/gems/actionpack-5.0.6/lib/action_dispatch/middleware/templates/rescues/_request_and_response.html.erb (1.0ms)
  Rendered /Library/Ruby/Gems/2.3.0/gems/actionpack-5.0.6/lib/action_dispatch/middleware/templates/rescues/diagnostics.html.erb within rescues/layout (130.5ms)
  [1m[35m (25.7ms)[0m  [1m[35mCREATE TABLE "schema_migrations" ("version" character varying PRIMARY KEY)[0m
  [1m[35m (21.3ms)[0m  [1m[35mCREATE TABLE "ar_internal_metadata" ("key" character varying PRIMARY KEY, "value" character varying, "created_at" timestamp NOT NULL, "updated_at" timestamp NOT NULL)[0m
  [1m[35m (0.3ms)[0m  [1m[34mSELECT pg_try_advisory_lock(8258609871819624240);[0m
  [1m[36mActiveRecord::SchemaMigration Load (0.5ms)[0m  [1m[34mSELECT "schema_migrations".* FROM "schema_migrations"[0m
Migrating to CreateSearches (20171127152620)
  [1m[35m (0.2ms)[0m  [1m[35mBEGIN[0m
  [1m[35m (27.8ms)[0m  [1m[35mCREATE TABLE "searches" ("id" serial primary key, "search" character varying, "created_at" timestamp NOT NULL, "updated_at" timestamp NOT NULL)[0m
  [1m[35mSQL (1.8ms)[0m  [1m[32mINSERT INTO "schema_migrations" ("version") VALUES ($1) RETURNING "version"[0m  [["version", "20171127152620"]]
  [1m[35m (0.5ms)[0m  [1m[35mCOMMIT[0m
  [1m[36mActiveRecord::InternalMetadata Load (0.4ms)[0m  [1m[34mSELECT  "ar_internal_metadata".* FROM "ar_internal_metadata" WHERE "ar_internal_metadata"."key" = $1 LIMIT $2[0m  [["key", "environment"], ["LIMIT", 1]]
  [1m[35m (0.2ms)[0m  [1m[35mBEGIN[0m
  [1m[35mSQL (1.2ms)[0m  [1m[32mINSERT INTO "ar_internal_metadata" ("key", "value", "created_at", "updated_at") VALUES ($1, $2, $3, $4) RETURNING "key"[0m  [["key", "environment"], ["value", "development"], ["created_at", "2017-11-27 15:48:16.792030"], ["updated_at", "2017-11-27 15:48:16.792030"]]
  [1m[35m (0.3ms)[0m  [1m[35mCOMMIT[0m
  [1m[35m (0.3ms)[0m  [1m[34mSELECT pg_advisory_unlock(8258609871819624240)[0m
  [1m[36mActiveRecord::SchemaMigration Load (0.2ms)[0m  [1m[34mSELECT "schema_migrations".* FROM "schema_migrations"[0m
Started GET "/" for 127.0.0.1 at 2017-11-27 10:48:18 -0500
  [1m[36mActiveRecord::SchemaMigration Load (0.6ms)[0m  [1m[34mSELECT "schema_migrations".* FROM "schema_migrations"[0m
Processing by Rails::WelcomeController#index as HTML
  Parameters: {"internal"=>true}
  Rendering /Library/Ruby/Gems/2.3.0/gems/railties-5.0.6/lib/rails/templates/rails/welcome/index.html.erb
  Rendered /Library/Ruby/Gems/2.3.0/gems/railties-5.0.6/lib/rails/templates/rails/welcome/index.html.erb (3.8ms)
Completed 200 OK in 42ms (Views: 7.5ms | ActiveRecord: 0.0ms)


Started GET "/" for 127.0.0.1 at 2017-11-27 10:59:30 -0500
  [1m[36mActiveRecord::SchemaMigration Load (0.6ms)[0m  [1m[34mSELECT "schema_migrations".* FROM "schema_migrations"[0m
Processing by Rails::WelcomeController#index as HTML
  Parameters: {"internal"=>true}
  Rendering /Library/Ruby/Gems/2.3.0/gems/railties-5.0.6/lib/rails/templates/rails/welcome/index.html.erb
  Rendered /Library/Ruby/Gems/2.3.0/gems/railties-5.0.6/lib/rails/templates/rails/welcome/index.html.erb (5.5ms)
Completed 200 OK in 54ms (Views: 16.1ms | ActiveRecord: 0.0ms)


Started GET "/search" for 127.0.0.1 at 2017-11-27 10:59:35 -0500
  
ActionController::RoutingError (No route matches [GET] "/search"):
  
actionpack (5.0.6) lib/action_dispatch/middleware/debug_exceptions.rb:53:in `call'
web-console (3.5.1) lib/web_console/middleware.rb:135:in `call_app'
web-console (3.5.1) lib/web_console/middleware.rb:28:in `block in call'
web-console (3.5.1) lib/web_console/middleware.rb:18:in `catch'
web-console (3.5.1) lib/web_console/middleware.rb:18:in `call'
actionpack (5.0.6) lib/action_dispatch/middleware/show_exceptions.rb:31:in `call'
railties (5.0.6) lib/rails/rack/logger.rb:36:in `call_app'
railties (5.0.6) lib/rails/rack/logger.rb:24:in `block in call'
activesupport (5.0.6) lib/active_support/tagged_logging.rb:69:in `block in tagged'
activesupport (5.0.6) lib/active_support/tagged_logging.rb:26:in `tagged'
activesupport (5.0.6) lib/active_support/tagged_logging.rb:69:in `tagged'
railties (5.0.6) lib/rails/rack/logger.rb:24:in `call'
sprockets-rails (3.2.1) lib/sprockets/rails/quiet_assets.rb:13:in `call'
actionpack (5.0.6) lib/action_dispatch/middleware/request_id.rb:24:in `call'
rack (2.0.3) lib/rack/method_override.rb:22:in `call'
rack (2.0.3) lib/rack/runtime.rb:22:in `call'
activesupport (5.0.6) lib/active_support/cache/strategy/local_cache_middleware.rb:28:in `call'
actionpack (5.0.6) lib/action_dispatch/middleware/executor.rb:12:in `call'
actionpack (5.0.6) lib/action_dispatch/middleware/static.rb:136:in `call'
rack (2.0.3) lib/rack/sendfile.rb:111:in `call'
railties (5.0.6) lib/rails/engine.rb:522:in `call'
puma (3.11.0) lib/puma/configuration.rb:225:in `call'
puma (3.11.0) lib/puma/server.rb:624:in `handle_request'
puma (3.11.0) lib/puma/server.rb:438:in `process_client'
puma (3.11.0) lib/puma/server.rb:302:in `block in run'
puma (3.11.0) lib/puma/thread_pool.rb:120:in `block in spawn_thread'
  Rendering /Library/Ruby/Gems/2.3.0/gems/actionpack-5.0.6/lib/action_dispatch/middleware/templates/rescues/routing_error.html.erb within rescues/layout
  Rendering /Library/Ruby/Gems/2.3.0/gems/actionpack-5.0.6/lib/action_dispatch/middleware/templates/rescues/_trace.html.erb
  Rendered /Library/Ruby/Gems/2.3.0/gems/actionpack-5.0.6/lib/action_dispatch/middleware/templates/rescues/_trace.html.erb (1.9ms)
  Rendered collection of /Library/Ruby/Gems/2.3.0/gems/actionpack-5.0.6/lib/action_dispatch/middleware/templates/routes/_route.html.erb [8 times] (5.9ms)
  Rendered /Library/Ruby/Gems/2.3.0/gems/actionpack-5.0.6/lib/action_dispatch/middleware/templates/routes/_table.html.erb (13.9ms)
  Rendering /Library/Ruby/Gems/2.3.0/gems/actionpack-5.0.6/lib/action_dispatch/middleware/templates/rescues/_request_and_response.html.erb
  Rendered /Library/Ruby/Gems/2.3.0/gems/actionpack-5.0.6/lib/action_dispatch/middleware/templates/rescues/_request_and_response.html.erb (1.4ms)
  Rendered /Library/Ruby/Gems/2.3.0/gems/actionpack-5.0.6/lib/action_dispatch/middleware/templates/rescues/routing_error.html.erb within rescues/layout (174.6ms)
Started GET "/searchs" for 127.0.0.1 at 2017-11-27 10:59:38 -0500
  
ActionController::RoutingError (No route matches [GET] "/searchs"):
  
actionpack (5.0.6) lib/action_dispatch/middleware/debug_exceptions.rb:53:in `call'
web-console (3.5.1) lib/web_console/middleware.rb:135:in `call_app'
web-console (3.5.1) lib/web_console/middleware.rb:28:in `block in call'
web-console (3.5.1) lib/web_console/middleware.rb:18:in `catch'
web-console (3.5.1) lib/web_console/middleware.rb:18:in `call'
actionpack (5.0.6) lib/action_dispatch/middleware/show_exceptions.rb:31:in `call'
railties (5.0.6) lib/rails/rack/logger.rb:36:in `call_app'
railties (5.0.6) lib/rails/rack/logger.rb:24:in `block in call'
activesupport (5.0.6) lib/active_support/tagged_logging.rb:69:in `block in tagged'
activesupport (5.0.6) lib/active_support/tagged_logging.rb:26:in `tagged'
activesupport (5.0.6) lib/active_support/tagged_logging.rb:69:in `tagged'
railties (5.0.6) lib/rails/rack/logger.rb:24:in `call'
sprockets-rails (3.2.1) lib/sprockets/rails/quiet_assets.rb:13:in `call'
actionpack (5.0.6) lib/action_dispatch/middleware/request_id.rb:24:in `call'
rack (2.0.3) lib/rack/method_override.rb:22:in `call'
rack (2.0.3) lib/rack/runtime.rb:22:in `call'
activesupport (5.0.6) lib/active_support/cache/strategy/local_cache_middleware.rb:28:in `call'
actionpack (5.0.6) lib/action_dispatch/middleware/executor.rb:12:in `call'
actionpack (5.0.6) lib/action_dispatch/middleware/static.rb:136:in `call'
rack (2.0.3) lib/rack/sendfile.rb:111:in `call'
railties (5.0.6) lib/rails/engine.rb:522:in `call'
puma (3.11.0) lib/puma/configuration.rb:225:in `call'
puma (3.11.0) lib/puma/server.rb:624:in `handle_request'
puma (3.11.0) lib/puma/server.rb:438:in `process_client'
puma (3.11.0) lib/puma/server.rb:302:in `block in run'
puma (3.11.0) lib/puma/thread_pool.rb:120:in `block in spawn_thread'
  Rendering /Library/Ruby/Gems/2.3.0/gems/actionpack-5.0.6/lib/action_dispatch/middleware/templates/rescues/routing_error.html.erb within rescues/layout
  Rendering /Library/Ruby/Gems/2.3.0/gems/actionpack-5.0.6/lib/action_dispatch/middleware/templates/rescues/_trace.html.erb
  Rendered /Library/Ruby/Gems/2.3.0/gems/actionpack-5.0.6/lib/action_dispatch/middleware/templates/rescues/_trace.html.erb (1.4ms)
  Rendered collection of /Library/Ruby/Gems/2.3.0/gems/actionpack-5.0.6/lib/action_dispatch/middleware/templates/routes/_route.html.erb [8 times] (3.1ms)
  Rendered /Library/Ruby/Gems/2.3.0/gems/actionpack-5.0.6/lib/action_dispatch/middleware/templates/routes/_table.html.erb (1.4ms)
  Rendering /Library/Ruby/Gems/2.3.0/gems/actionpack-5.0.6/lib/action_dispatch/middleware/templates/rescues/_request_and_response.html.erb
  Rendered /Library/Ruby/Gems/2.3.0/gems/actionpack-5.0.6/lib/action_dispatch/middleware/templates/rescues/_request_and_response.html.erb (1.7ms)
  Rendered /Library/Ruby/Gems/2.3.0/gems/actionpack-5.0.6/lib/action_dispatch/middleware/templates/rescues/routing_error.html.erb within rescues/layout (157.1ms)
Started GET "/searches" for 127.0.0.1 at 2017-11-27 10:59:43 -0500
Processing by SearchesController#index as HTML
  Rendering searches/index.html.erb within layouts/application
  [1m[36mSearch Load (12.3ms)[0m  [1m[34mSELECT "searches".* FROM "searches"[0m
  Rendered searches/index.html.erb within layouts/application (16.1ms)
Completed 200 OK in 588ms (Views: 569.8ms | ActiveRecord: 13.4ms)


Started GET "/searches/new" for 127.0.0.1 at 2017-11-27 10:59:46 -0500
Processing by SearchesController#new as HTML
  Rendering searches/new.html.erb within layouts/application
  Rendered searches/_form.html.erb (14.3ms)
  Rendered searches/new.html.erb within layouts/application (17.9ms)
Completed 200 OK in 108ms (Views: 78.8ms | ActiveRecord: 7.5ms)


Started POST "/searches" for 127.0.0.1 at 2017-11-27 10:59:55 -0500
Processing by SearchesController#create as HTML
  Parameters: {"utf8"=>"✓", "authenticity_token"=>"F8mhGnOL5C5lLmmXpSDEWqHUtwlMob9t+RAuaLsk7ATnQDVgkOIy84ArJCBz5IuNWpaDLxTXBYiDBLIL99qCwQ==", "search"=>{"search"=>"justin bieber"}, "commit"=>"Create Search"}
  [1m[35m (0.2ms)[0m  [1m[35mBEGIN[0m
  [1m[35mSQL (1.9ms)[0m  [1m[32mINSERT INTO "searches" ("search", "created_at", "updated_at") VALUES ($1, $2, $3) RETURNING "id"[0m  [["search", "justin bieber"], ["created_at", "2017-11-27 15:59:55.362785"], ["updated_at", "2017-11-27 15:59:55.362785"]]
  [1m[35m (10.2ms)[0m  [1m[35mCOMMIT[0m
Redirected to http://localhost:3000/searches/1
Completed 302 Found in 18ms (ActiveRecord: 12.3ms)


Started GET "/searches/1" for 127.0.0.1 at 2017-11-27 10:59:55 -0500
Processing by SearchesController#show as HTML
  Parameters: {"id"=>"1"}
  [1m[36mSearch Load (6.3ms)[0m  [1m[34mSELECT  "searches".* FROM "searches" WHERE "searches"."id" = $1 LIMIT $2[0m  [["id", 1], ["LIMIT", 1]]
Completed 500 Internal Server Error in 243ms (ActiveRecord: 6.5ms)


  
NameError (undefined local variable or method `client' for #<SearchesController:0x007fbbc31d4558>):
  
app/controllers/searches_controller.rb:13:in `show'
  Rendering /Library/Ruby/Gems/2.3.0/gems/actionpack-5.0.6/lib/action_dispatch/middleware/templates/rescues/diagnostics.html.erb within rescues/layout
  Rendering /Library/Ruby/Gems/2.3.0/gems/actionpack-5.0.6/lib/action_dispatch/middleware/templates/rescues/_source.html.erb
  Rendered /Library/Ruby/Gems/2.3.0/gems/actionpack-5.0.6/lib/action_dispatch/middleware/templates/rescues/_source.html.erb (4.3ms)
  Rendering /Library/Ruby/Gems/2.3.0/gems/actionpack-5.0.6/lib/action_dispatch/middleware/templates/rescues/_trace.html.erb
  Rendered /Library/Ruby/Gems/2.3.0/gems/actionpack-5.0.6/lib/action_dispatch/middleware/templates/rescues/_trace.html.erb (3.1ms)
  Rendering /Library/Ruby/Gems/2.3.0/gems/actionpack-5.0.6/lib/action_dispatch/middleware/templates/rescues/_request_and_response.html.erb
  Rendered /Library/Ruby/Gems/2.3.0/gems/actionpack-5.0.6/lib/action_dispatch/middleware/templates/rescues/_request_and_response.html.erb (1.7ms)
  Rendered /Library/Ruby/Gems/2.3.0/gems/actionpack-5.0.6/lib/action_dispatch/middleware/templates/rescues/diagnostics.html.erb within rescues/layout (178.4ms)
Started GET "/searches/1" for 127.0.0.1 at 2017-11-27 11:00:33 -0500
Processing by SearchesController#show as HTML
  Parameters: {"id"=>"1"}
  [1m[36mSearch Load (0.4ms)[0m  [1m[34mSELECT  "searches".* FROM "searches" WHERE "searches"."id" = $1 LIMIT $2[0m  [["id", 1], ["LIMIT", 1]]
Completed 500 Internal Server Error in 516ms (ActiveRecord: 5.9ms)


  
NameError (undefined local variable or method `client' for #<SearchesController:0x007fbbc6ce8ea0>):
  
app/controllers/searches_controller.rb:14:in `show'
  Rendering /Library/Ruby/Gems/2.3.0/gems/actionpack-5.0.6/lib/action_dispatch/middleware/templates/rescues/diagnostics.html.erb within rescues/layout
  Rendering /Library/Ruby/Gems/2.3.0/gems/actionpack-5.0.6/lib/action_dispatch/middleware/templates/rescues/_source.html.erb
  Rendered /Library/Ruby/Gems/2.3.0/gems/actionpack-5.0.6/lib/action_dispatch/middleware/templates/rescues/_source.html.erb (8.0ms)
  Rendering /Library/Ruby/Gems/2.3.0/gems/actionpack-5.0.6/lib/action_dispatch/middleware/templates/rescues/_trace.html.erb
  Rendered /Library/Ruby/Gems/2.3.0/gems/actionpack-5.0.6/lib/action_dispatch/middleware/templates/rescues/_trace.html.erb (2.7ms)
  Rendering /Library/Ruby/Gems/2.3.0/gems/actionpack-5.0.6/lib/action_dispatch/middleware/templates/rescues/_request_and_response.html.erb
  Rendered /Library/Ruby/Gems/2.3.0/gems/actionpack-5.0.6/lib/action_dispatch/middleware/templates/rescues/_request_and_response.html.erb (1.0ms)
  Rendered /Library/Ruby/Gems/2.3.0/gems/actionpack-5.0.6/lib/action_dispatch/middleware/templates/rescues/diagnostics.html.erb within rescues/layout (517.0ms)
Started GET "/searches/1" for 127.0.0.1 at 2017-11-27 11:01:04 -0500
Processing by SearchesController#show as HTML
  Parameters: {"id"=>"1"}
  [1m[36mSearch Load (0.3ms)[0m  [1m[34mSELECT  "searches".* FROM "searches" WHERE "searches"."id" = $1 LIMIT $2[0m  [["id", 1], ["LIMIT", 1]]
Completed 500 Internal Server Error in 201ms (ActiveRecord: 0.3ms)


  
NameError (undefined local variable or method `client' for #<SearchesController:0x007fbbc6178db8>):
  
app/controllers/searches_controller.rb:13:in `show'
  Rendering /Library/Ruby/Gems/2.3.0/gems/actionpack-5.0.6/lib/action_dispatch/middleware/templates/rescues/diagnostics.html.erb within rescues/layout
  Rendering /Library/Ruby/Gems/2.3.0/gems/actionpack-5.0.6/lib/action_dispatch/middleware/templates/rescues/_source.html.erb
  Rendered /Library/Ruby/Gems/2.3.0/gems/actionpack-5.0.6/lib/action_dispatch/middleware/templates/rescues/_source.html.erb (12.6ms)
  Rendering /Library/Ruby/Gems/2.3.0/gems/actionpack-5.0.6/lib/action_dispatch/middleware/templates/rescues/_trace.html.erb
  Rendered /Library/Ruby/Gems/2.3.0/gems/actionpack-5.0.6/lib/action_dispatch/middleware/templates/rescues/_trace.html.erb (1.7ms)
  Rendering /Library/Ruby/Gems/2.3.0/gems/actionpack-5.0.6/lib/action_dispatch/middleware/templates/rescues/_request_and_response.html.erb
  Rendered /Library/Ruby/Gems/2.3.0/gems/actionpack-5.0.6/lib/action_dispatch/middleware/templates/rescues/_request_and_response.html.erb (1.1ms)
  Rendered /Library/Ruby/Gems/2.3.0/gems/actionpack-5.0.6/lib/action_dispatch/middleware/templates/rescues/diagnostics.html.erb within rescues/layout (210.2ms)
Started GET "/searches/1" for 127.0.0.1 at 2017-11-27 11:01:06 -0500
Processing by SearchesController#show as HTML
  Parameters: {"id"=>"1"}
  [1m[36mSearch Load (0.5ms)[0m  [1m[34mSELECT  "searches".* FROM "searches" WHERE "searches"."id" = $1 LIMIT $2[0m  [["id", 1], ["LIMIT", 1]]
Completed 500 Internal Server Error in 374ms (ActiveRecord: 0.5ms)


  
NameError (undefined local variable or method `client' for #<SearchesController:0x007fbbc910d240>):
  
app/controllers/searches_controller.rb:13:in `show'
  Rendering /Library/Ruby/Gems/2.3.0/gems/actionpack-5.0.6/lib/action_dispatch/middleware/templates/rescues/diagnostics.html.erb within rescues/layout
  Rendering /Library/Ruby/Gems/2.3.0/gems/actionpack-5.0.6/lib/action_dispatch/middleware/templates/rescues/_source.html.erb
  Rendered /Library/Ruby/Gems/2.3.0/gems/actionpack-5.0.6/lib/action_dispatch/middleware/templates/rescues/_source.html.erb (13.9ms)
  Rendering /Library/Ruby/Gems/2.3.0/gems/actionpack-5.0.6/lib/action_dispatch/middleware/templates/rescues/_trace.html.erb
  Rendered /Library/Ruby/Gems/2.3.0/gems/actionpack-5.0.6/lib/action_dispatch/middleware/templates/rescues/_trace.html.erb (8.2ms)
  Rendering /Library/Ruby/Gems/2.3.0/gems/actionpack-5.0.6/lib/action_dispatch/middleware/templates/rescues/_request_and_response.html.erb
  Rendered /Library/Ruby/Gems/2.3.0/gems/actionpack-5.0.6/lib/action_dispatch/middleware/templates/rescues/_request_and_response.html.erb (1.6ms)
  Rendered /Library/Ruby/Gems/2.3.0/gems/actionpack-5.0.6/lib/action_dispatch/middleware/templates/rescues/diagnostics.html.erb within rescues/layout (567.6ms)
Started GET "/searches/1" for 127.0.0.1 at 2017-11-27 11:01:16 -0500
Processing by SearchesController#show as HTML
  Parameters: {"id"=>"1"}
  [1m[36mSearch Load (0.3ms)[0m  [1m[34mSELECT  "searches".* FROM "searches" WHERE "searches"."id" = $1 LIMIT $2[0m  [["id", 1], ["LIMIT", 1]]
Completed 500 Internal Server Error in 170ms (ActiveRecord: 0.3ms)


  
NameError (undefined local variable or method `client' for #<SearchesController:0x007fbbc92810e0>):
  
app/controllers/searches_controller.rb:13:in `show'
  Rendering /Library/Ruby/Gems/2.3.0/gems/actionpack-5.0.6/lib/action_dispatch/middleware/templates/rescues/diagnostics.html.erb within rescues/layout
  Rendering /Library/Ruby/Gems/2.3.0/gems/actionpack-5.0.6/lib/action_dispatch/middleware/templates/rescues/_source.html.erb
  Rendered /Library/Ruby/Gems/2.3.0/gems/actionpack-5.0.6/lib/action_dispatch/middleware/templates/rescues/_source.html.erb (4.2ms)
  Rendering /Library/Ruby/Gems/2.3.0/gems/actionpack-5.0.6/lib/action_dispatch/middleware/templates/rescues/_trace.html.erb
  Rendered /Library/Ruby/Gems/2.3.0/gems/actionpack-5.0.6/lib/action_dispatch/middleware/templates/rescues/_trace.html.erb (1.9ms)
  Rendering /Library/Ruby/Gems/2.3.0/gems/actionpack-5.0.6/lib/action_dispatch/middleware/templates/rescues/_request_and_response.html.erb
  Rendered /Library/Ruby/Gems/2.3.0/gems/actionpack-5.0.6/lib/action_dispatch/middleware/templates/rescues/_request_and_response.html.erb (1.1ms)
  Rendered /Library/Ruby/Gems/2.3.0/gems/actionpack-5.0.6/lib/action_dispatch/middleware/templates/rescues/diagnostics.html.erb within rescues/layout (186.0ms)
Started GET "/searches/1" for 127.0.0.1 at 2017-11-27 11:01:18 -0500
Processing by SearchesController#show as HTML
  Parameters: {"id"=>"1"}
  [1m[36mSearch Load (2.8ms)[0m  [1m[34mSELECT  "searches".* FROM "searches" WHERE "searches"."id" = $1 LIMIT $2[0m  [["id", 1], ["LIMIT", 1]]
  Rendering searches/show.html.erb within layouts/application
  Rendered searches/show.html.erb within layouts/application (2102.1ms)
Completed 500 Internal Server Error in 3714ms (ActiveRecord: 2.8ms)


  
ActionView::Template::Error (undefined local variable or method `twitts' for #<#<Class:0x007fbbc45d5638>:0x007fbbc45d42d8>
Did you mean?  @twitts
               twitter):
     5:   <%= @search.search %>
     6: </p>
     7: 
     8: <%twitts.collect do |tweet|%>
     9:   <%="#{tweet.user.screen_name}: #{tweet.text}"%>
    10: <%end%>
    11: 
  
app/views/searches/show.html.erb:8:in `_app_views_searches_show_html_erb___4349904686007100042_70222215032680'
  Rendering /Library/Ruby/Gems/2.3.0/gems/actionpack-5.0.6/lib/action_dispatch/middleware/templates/rescues/template_error.html.erb within rescues/layout
  Rendering /Library/Ruby/Gems/2.3.0/gems/actionpack-5.0.6/lib/action_dispatch/middleware/templates/rescues/_source.html.erb
  Rendered /Library/Ruby/Gems/2.3.0/gems/actionpack-5.0.6/lib/action_dispatch/middleware/templates/rescues/_source.html.erb (11.2ms)
  Rendering /Library/Ruby/Gems/2.3.0/gems/actionpack-5.0.6/lib/action_dispatch/middleware/templates/rescues/_trace.html.erb
  Rendered /Library/Ruby/Gems/2.3.0/gems/actionpack-5.0.6/lib/action_dispatch/middleware/templates/rescues/_trace.html.erb (7.0ms)
  Rendering /Library/Ruby/Gems/2.3.0/gems/actionpack-5.0.6/lib/action_dispatch/middleware/templates/rescues/_request_and_response.html.erb
  Rendered /Library/Ruby/Gems/2.3.0/gems/actionpack-5.0.6/lib/action_dispatch/middleware/templates/rescues/_request_and_response.html.erb (2.0ms)
  Rendered /Library/Ruby/Gems/2.3.0/gems/actionpack-5.0.6/lib/action_dispatch/middleware/templates/rescues/template_error.html.erb within rescues/layout (306.8ms)
Started GET "/searches/1" for 127.0.0.1 at 2017-11-27 11:01:38 -0500
Processing by SearchesController#show as HTML
  Parameters: {"id"=>"1"}
  [1m[36mSearch Load (0.3ms)[0m  [1m[34mSELECT  "searches".* FROM "searches" WHERE "searches"."id" = $1 LIMIT $2[0m  [["id", 1], ["LIMIT", 1]]
  Rendering searches/show.html.erb within layouts/application
  Rendered searches/show.html.erb within layouts/application (2488.3ms)
Completed 200 OK in 3855ms (Views: 2527.9ms | ActiveRecord: 0.3ms)


Started GET "/searches/1" for 127.0.0.1 at 2017-11-27 11:02:02 -0500
Processing by SearchesController#show as HTML
  Parameters: {"id"=>"1"}
  [1m[36mSearch Load (0.4ms)[0m  [1m[34mSELECT  "searches".* FROM "searches" WHERE "searches"."id" = $1 LIMIT $2[0m  [["id", 1], ["LIMIT", 1]]
  Rendering searches/show.html.erb within layouts/application
  Rendered searches/show.html.erb within layouts/application (8.8ms)
Completed 200 OK in 1793ms (Views: 47.1ms | ActiveRecord: 0.7ms)


Started GET "/searches/new" for 127.0.0.1 at 2017-11-27 11:02:08 -0500
Processing by SearchesController#new as HTML
  Rendering searches/new.html.erb within layouts/application
  Rendered searches/_form.html.erb (2.7ms)
  Rendered searches/new.html.erb within layouts/application (5.8ms)
Completed 200 OK in 51ms (Views: 47.4ms | ActiveRecord: 0.0ms)


Started POST "/searches" for 127.0.0.1 at 2017-11-27 11:02:21 -0500
Processing by SearchesController#create as HTML
  Parameters: {"utf8"=>"✓", "authenticity_token"=>"RubLVZpiSVaQBhg2Z3j6hDNK+NmQCzlYkfd4Ll1zKDG2b18veQufi3UDVYGxvLVTyAjM/8h9g73r4+RNEY1G9A==", "search"=>{"search"=>"pene"}, "commit"=>"Create Search"}
  [1m[35m (0.2ms)[0m  [1m[35mBEGIN[0m
  [1m[35mSQL (0.6ms)[0m  [1m[32mINSERT INTO "searches" ("search", "created_at", "updated_at") VALUES ($1, $2, $3) RETURNING "id"[0m  [["search", "pene"], ["created_at", "2017-11-27 16:02:21.595718"], ["updated_at", "2017-11-27 16:02:21.595718"]]
  [1m[35m (13.0ms)[0m  [1m[35mCOMMIT[0m
Redirected to http://localhost:3000/searches/2
Completed 302 Found in 17ms (ActiveRecord: 13.8ms)


Started GET "/searches/2" for 127.0.0.1 at 2017-11-27 11:02:21 -0500
Processing by SearchesController#show as HTML
  Parameters: {"id"=>"2"}
  [1m[36mSearch Load (0.4ms)[0m  [1m[34mSELECT  "searches".* FROM "searches" WHERE "searches"."id" = $1 LIMIT $2[0m  [["id", 2], ["LIMIT", 1]]
  Rendering searches/show.html.erb within layouts/application
Started GET "/searches/new" for 127.0.0.1 at 2017-11-27 11:03:06 -0500
Started GET "/searches" for 127.0.0.1 at 2017-11-27 11:03:06 -0500
Processing by SearchesController#new as HTML
Processing by SearchesController#index as HTML
  Rendering searches/new.html.erb within layouts/application
Started GET "/searches" for 127.0.0.1 at 2017-11-27 11:03:06 -0500
  Rendering searches/index.html.erb within layouts/application
  Rendered searches/_form.html.erb (2.4ms)
  Rendered searches/new.html.erb within layouts/application (9.8ms)
  [1m[36mSearch Load (0.7ms)[0m  [1m[34mSELECT "searches".* FROM "searches"[0m
  Rendered searches/index.html.erb within layouts/application (16.2ms)
Completed 200 OK in 86ms (Views: 83.3ms | ActiveRecord: 0.0ms)


Processing by SearchesController#index as HTML
Completed 200 OK in 84ms (Views: 80.7ms | ActiveRecord: 0.7ms)


  Rendering searches/index.html.erb within layouts/application
  [1m[36mSearch Load (0.7ms)[0m  [1m[34mSELECT "searches".* FROM "searches"[0m
  Rendered searches/index.html.erb within layouts/application (2.8ms)
Completed 200 OK in 44ms (Views: 37.8ms | ActiveRecord: 0.7ms)


Started DELETE "/searches/2" for 127.0.0.1 at 2017-11-27 11:04:09 -0500
Processing by SearchesController#destroy as HTML
  Parameters: {"authenticity_token"=>"fingdLGmaflx5E3jGzF1ixa8AMSYAFZzvyBMp2/hbqPsuEzyzvuaf9/7AZLIL8Bp6VnjTvMfhVq7lO2lt2ZrMw==", "id"=>"2"}
  [1m[36mSearch Load (0.4ms)[0m  [1m[34mSELECT  "searches".* FROM "searches" WHERE "searches"."id" = $1 LIMIT $2[0m  [["id", 2], ["LIMIT", 1]]
  [1m[35m (0.2ms)[0m  [1m[35mBEGIN[0m
  [1m[35mSQL (6.1ms)[0m  [1m[31mDELETE FROM "searches" WHERE "searches"."id" = $1[0m  [["id", 2]]
  [1m[35m (6.3ms)[0m  [1m[35mCOMMIT[0m
Redirected to http://localhost:3000/searches
Completed 302 Found in 18ms (ActiveRecord: 13.0ms)


Started GET "/searches" for 127.0.0.1 at 2017-11-27 11:04:09 -0500
Processing by SearchesController#index as HTML
  Rendering searches/index.html.erb within layouts/application
  [1m[36mSearch Load (0.3ms)[0m  [1m[34mSELECT "searches".* FROM "searches"[0m
  Rendered searches/index.html.erb within layouts/application (2.2ms)
Completed 200 OK in 44ms (Views: 40.9ms | ActiveRecord: 0.3ms)


Started GET "/searches/new" for 127.0.0.1 at 2017-11-27 11:04:11 -0500
Processing by SearchesController#new as HTML
  Rendering searches/new.html.erb within layouts/application
  Rendered searches/_form.html.erb (2.1ms)
  Rendered searches/new.html.erb within layouts/application (5.3ms)
Completed 200 OK in 53ms (Views: 48.6ms | ActiveRecord: 0.0ms)


Started POST "/searches" for 127.0.0.1 at 2017-11-27 11:04:15 -0500
Processing by SearchesController#create as HTML
  Parameters: {"utf8"=>"✓", "authenticity_token"=>"ARMKFhJ1izjp2sys7V2rCfaZ1rwD7PGttERJKqd3Fx7xmp5s8Rxd5QzfgRs7meTeDdvimluaS0jOUNVJ64l52w==", "search"=>{"search"=>"tesla"}, "commit"=>"Create Search"}
  [1m[35m (0.1ms)[0m  [1m[35mBEGIN[0m
  [1m[35mSQL (0.5ms)[0m  [1m[32mINSERT INTO "searches" ("search", "created_at", "updated_at") VALUES ($1, $2, $3) RETURNING "id"[0m  [["search", "tesla"], ["created_at", "2017-11-27 16:04:15.843337"], ["updated_at", "2017-11-27 16:04:15.843337"]]
  [1m[35m (11.9ms)[0m  [1m[35mCOMMIT[0m
Redirected to http://localhost:3000/searches/3
Completed 302 Found in 16ms (ActiveRecord: 12.6ms)


Started GET "/searches/3" for 127.0.0.1 at 2017-11-27 11:04:15 -0500
Processing by SearchesController#show as HTML
  Parameters: {"id"=>"3"}
  [1m[36mSearch Load (0.3ms)[0m  [1m[34mSELECT  "searches".* FROM "searches" WHERE "searches"."id" = $1 LIMIT $2[0m  [["id", 3], ["LIMIT", 1]]
  Rendering searches/show.html.erb within layouts/application
  Rendered searches/show.html.erb within layouts/application (2291.4ms)
Completed 200 OK in 3426ms (Views: 2321.9ms | ActiveRecord: 0.3ms)


  Rendered searches/show.html.erb within layouts/application (158130.2ms)
Completed 200 OK in 159278ms (Views: 158166.7ms | ActiveRecord: 0.4ms)


Started GET "/searches/3" for 127.0.0.1 at 2017-11-27 11:08:11 -0500
Processing by SearchesController#show as HTML
  Parameters: {"id"=>"3"}
  [1m[36mSearch Load (0.3ms)[0m  [1m[34mSELECT  "searches".* FROM "searches" WHERE "searches"."id" = $1 LIMIT $2[0m  [["id", 3], ["LIMIT", 1]]
  Rendering searches/show.html.erb within layouts/application
Started GET "/searches/" for 127.0.0.1 at 2017-11-27 11:08:27 -0500
Processing by SearchesController#index as HTML
  Rendering searches/index.html.erb within layouts/application
  [1m[36mSearch Load (0.3ms)[0m  [1m[34mSELECT "searches".* FROM "searches"[0m
  Rendered searches/index.html.erb within layouts/application (2.4ms)
Completed 200 OK in 53ms (Views: 49.5ms | ActiveRecord: 0.3ms)


Started GET "/searches/" for 127.0.0.1 at 2017-11-27 11:09:25 -0500
  Rendered searches/show.html.erb within layouts/application (82534.1ms)
Completed 200 OK in 83761ms (Views: 82647.5ms | ActiveRecord: 0.5ms)


Processing by SearchesController#index as HTML
  Rendering searches/index.html.erb within layouts/application
  [1m[36mSearch Load (0.4ms)[0m  [1m[34mSELECT "searches".* FROM "searches"[0m
  Rendered searches/index.html.erb within layouts/application (8.9ms)
Completed 500 Internal Server Error in 70ms (ActiveRecord: 0.3ms)


  
ActionView::Template::Error (No route matches {:action=>"show", :controller=>"searches"} missing required keys: [:id]):
    18:           span.icon-bar
    19:           span.icon-bar
    20:           span.icon-bar
    21:         a.navbar-brand href="#{search_path}"  RubySearchApp
    22:         .navbar-collapse.collapse.navbar-responsive-collapse
    23:           ul.nav.navbar-nav
    24:             li= link_to "Link1", "/path1"
  
app/views/layouts/application.slim:21:in `_app_views_layouts_application_slim__3347295098392046742_70222005109640'
  Rendering /Library/Ruby/Gems/2.3.0/gems/actionpack-5.0.6/lib/action_dispatch/middleware/templates/rescues/template_error.html.erb within rescues/layout
  Rendering /Library/Ruby/Gems/2.3.0/gems/actionpack-5.0.6/lib/action_dispatch/middleware/templates/rescues/_source.html.erb
  Rendered /Library/Ruby/Gems/2.3.0/gems/actionpack-5.0.6/lib/action_dispatch/middleware/templates/rescues/_source.html.erb (6.6ms)
  Rendering /Library/Ruby/Gems/2.3.0/gems/actionpack-5.0.6/lib/action_dispatch/middleware/templates/rescues/_trace.html.erb
  Rendered /Library/Ruby/Gems/2.3.0/gems/actionpack-5.0.6/lib/action_dispatch/middleware/templates/rescues/_trace.html.erb (2.9ms)
  Rendering /Library/Ruby/Gems/2.3.0/gems/actionpack-5.0.6/lib/action_dispatch/middleware/templates/rescues/_request_and_response.html.erb
  Rendered /Library/Ruby/Gems/2.3.0/gems/actionpack-5.0.6/lib/action_dispatch/middleware/templates/rescues/_request_and_response.html.erb (1.3ms)
  Rendered /Library/Ruby/Gems/2.3.0/gems/actionpack-5.0.6/lib/action_dispatch/middleware/templates/rescues/template_error.html.erb within rescues/layout (118.1ms)
Started GET "/searches/" for 127.0.0.1 at 2017-11-27 11:10:10 -0500
Processing by SearchesController#index as HTML
  Rendering searches/index.html.erb within layouts/application
  [1m[36mSearch Load (0.4ms)[0m  [1m[34mSELECT "searches".* FROM "searches"[0m
  Rendered searches/index.html.erb within layouts/application (20.0ms)
Completed 200 OK in 88ms (Views: 70.1ms | ActiveRecord: 9.2ms)


Started GET "/searches/1" for 127.0.0.1 at 2017-11-27 11:10:14 -0500
Processing by SearchesController#show as HTML
  Parameters: {"id"=>"1"}
  [1m[36mSearch Load (0.3ms)[0m  [1m[34mSELECT  "searches".* FROM "searches" WHERE "searches"."id" = $1 LIMIT $2[0m  [["id", 1], ["LIMIT", 1]]
  Rendering searches/show.html.erb within layouts/application
  Rendered searches/show.html.erb within layouts/application (7.6ms)
Completed 200 OK in 1293ms (Views: 44.7ms | ActiveRecord: 0.3ms)


Started GET "/" for 127.0.0.1 at 2017-11-27 11:11:29 -0500
Processing by SearchesController#index as HTML
  Rendering searches/index.html.erb within layouts/application
  [1m[36mSearch Load (0.5ms)[0m  [1m[34mSELECT "searches".* FROM "searches"[0m
  Rendered searches/index.html.erb within layouts/application (3.4ms)
Completed 200 OK in 55ms (Views: 50.8ms | ActiveRecord: 0.5ms)


Started GET "/searches/new" for 127.0.0.1 at 2017-11-27 11:11:33 -0500
Processing by SearchesController#new as HTML
  Rendering searches/new.html.erb within layouts/application
  Rendered searches/_form.html.erb (3.7ms)
  Rendered searches/new.html.erb within layouts/application (7.1ms)
Completed 200 OK in 61ms (Views: 57.2ms | ActiveRecord: 0.0ms)


Started POST "/searches" for 127.0.0.1 at 2017-11-27 11:12:03 -0500
Processing by SearchesController#create as HTML
  Parameters: {"utf8"=>"✓", "authenticity_token"=>"Zs4/LYaU7n0CgG6sezN7ZwXkoTmlQRYS/hQlMzGdEfqWR6tXZf04oOeFIxut9zSw/qaVH/03rPeEALlQfWN/Pw==", "search"=>{"search"=>"colombia"}, "commit"=>"Create Search"}
  [1m[35m (0.2ms)[0m  [1m[35mBEGIN[0m
  [1m[35mSQL (0.4ms)[0m  [1m[32mINSERT INTO "searches" ("search", "created_at", "updated_at") VALUES ($1, $2, $3) RETURNING "id"[0m  [["search", "colombia"], ["created_at", "2017-11-27 16:12:03.279880"], ["updated_at", "2017-11-27 16:12:03.279880"]]
  [1m[35m (12.0ms)[0m  [1m[35mCOMMIT[0m
Redirected to http://localhost:3000/searches/4
Completed 302 Found in 17ms (ActiveRecord: 12.5ms)


Started GET "/searches/4" for 127.0.0.1 at 2017-11-27 11:12:03 -0500
Processing by SearchesController#show as HTML
  Parameters: {"id"=>"4"}
  [1m[36mSearch Load (0.4ms)[0m  [1m[34mSELECT  "searches".* FROM "searches" WHERE "searches"."id" = $1 LIMIT $2[0m  [["id", 4], ["LIMIT", 1]]
  Rendering searches/show.html.erb within layouts/application
  Rendered searches/show.html.erb within layouts/application (9654.5ms)
Completed 500 Internal Server Error in 11018ms (ActiveRecord: 0.4ms)


  
ActionView::Template::Error (Rate limit exceeded):
     5:   <%= @search.search %>
     6: </p>
     7: 
     8: <%@twitts.collect do |tweet|%>
     9:   <%="#{tweet.user.screen_name}: #{tweet.text}"%>
    10: <%end%>
    11: 
  
app/views/searches/show.html.erb:8:in `collect'
app/views/searches/show.html.erb:8:in `_app_views_searches_show_html_erb___4349904686007100042_70222255689800'
  Rendering /Library/Ruby/Gems/2.3.0/gems/actionpack-5.0.6/lib/action_dispatch/middleware/templates/rescues/template_error.html.erb within rescues/layout
  Rendering /Library/Ruby/Gems/2.3.0/gems/actionpack-5.0.6/lib/action_dispatch/middleware/templates/rescues/_source.html.erb
  Rendered /Library/Ruby/Gems/2.3.0/gems/actionpack-5.0.6/lib/action_dispatch/middleware/templates/rescues/_source.html.erb (7.4ms)
  Rendering /Library/Ruby/Gems/2.3.0/gems/actionpack-5.0.6/lib/action_dispatch/middleware/templates/rescues/_trace.html.erb
  Rendered /Library/Ruby/Gems/2.3.0/gems/actionpack-5.0.6/lib/action_dispatch/middleware/templates/rescues/_trace.html.erb (3.5ms)
  Rendering /Library/Ruby/Gems/2.3.0/gems/actionpack-5.0.6/lib/action_dispatch/middleware/templates/rescues/_request_and_response.html.erb
  Rendered /Library/Ruby/Gems/2.3.0/gems/actionpack-5.0.6/lib/action_dispatch/middleware/templates/rescues/_request_and_response.html.erb (1.9ms)
  Rendered /Library/Ruby/Gems/2.3.0/gems/actionpack-5.0.6/lib/action_dispatch/middleware/templates/rescues/template_error.html.erb within rescues/layout (164.3ms)
Started GET "/searches/4" for 127.0.0.1 at 2017-11-27 11:12:21 -0500
Processing by SearchesController#show as HTML
  Parameters: {"id"=>"4"}
  [1m[36mSearch Load (0.3ms)[0m  [1m[34mSELECT  "searches".* FROM "searches" WHERE "searches"."id" = $1 LIMIT $2[0m  [["id", 4], ["LIMIT", 1]]
Completed 500 Internal Server Error in 277ms (ActiveRecord: 0.3ms)


  
Twitter::Error::TooManyRequests (Rate limit exceeded):
  
app/controllers/searches_controller.rb:13:in `show'
  Rendering /Library/Ruby/Gems/2.3.0/gems/actionpack-5.0.6/lib/action_dispatch/middleware/templates/rescues/diagnostics.html.erb within rescues/layout
  Rendering /Library/Ruby/Gems/2.3.0/gems/actionpack-5.0.6/lib/action_dispatch/middleware/templates/rescues/_source.html.erb
  Rendered /Library/Ruby/Gems/2.3.0/gems/actionpack-5.0.6/lib/action_dispatch/middleware/templates/rescues/_source.html.erb (4.4ms)
  Rendering /Library/Ruby/Gems/2.3.0/gems/actionpack-5.0.6/lib/action_dispatch/middleware/templates/rescues/_trace.html.erb
  Rendered /Library/Ruby/Gems/2.3.0/gems/actionpack-5.0.6/lib/action_dispatch/middleware/templates/rescues/_trace.html.erb (2.6ms)
  Rendering /Library/Ruby/Gems/2.3.0/gems/actionpack-5.0.6/lib/action_dispatch/middleware/templates/rescues/_request_and_response.html.erb
  Rendered /Library/Ruby/Gems/2.3.0/gems/actionpack-5.0.6/lib/action_dispatch/middleware/templates/rescues/_request_and_response.html.erb (1.2ms)
  Rendered /Library/Ruby/Gems/2.3.0/gems/actionpack-5.0.6/lib/action_dispatch/middleware/templates/rescues/diagnostics.html.erb within rescues/layout (103.4ms)
Started GET "/searches/4" for 127.0.0.1 at 2017-11-27 11:12:23 -0500
Processing by SearchesController#show as HTML
  Parameters: {"id"=>"4"}
  [1m[36mSearch Load (0.3ms)[0m  [1m[34mSELECT  "searches".* FROM "searches" WHERE "searches"."id" = $1 LIMIT $2[0m  [["id", 4], ["LIMIT", 1]]
Completed 500 Internal Server Error in 298ms (ActiveRecord: 0.3ms)


  
Twitter::Error::TooManyRequests (Rate limit exceeded):
  
app/controllers/searches_controller.rb:13:in `show'
  Rendering /Library/Ruby/Gems/2.3.0/gems/actionpack-5.0.6/lib/action_dispatch/middleware/templates/rescues/diagnostics.html.erb within rescues/layout
  Rendering /Library/Ruby/Gems/2.3.0/gems/actionpack-5.0.6/lib/action_dispatch/middleware/templates/rescues/_source.html.erb
  Rendered /Library/Ruby/Gems/2.3.0/gems/actionpack-5.0.6/lib/action_dispatch/middleware/templates/rescues/_source.html.erb (4.8ms)
  Rendering /Library/Ruby/Gems/2.3.0/gems/actionpack-5.0.6/lib/action_dispatch/middleware/templates/rescues/_trace.html.erb
  Rendered /Library/Ruby/Gems/2.3.0/gems/actionpack-5.0.6/lib/action_dispatch/middleware/templates/rescues/_trace.html.erb (1.8ms)
  Rendering /Library/Ruby/Gems/2.3.0/gems/actionpack-5.0.6/lib/action_dispatch/middleware/templates/rescues/_request_and_response.html.erb
  Rendered /Library/Ruby/Gems/2.3.0/gems/actionpack-5.0.6/lib/action_dispatch/middleware/templates/rescues/_request_and_response.html.erb (1.1ms)
  Rendered /Library/Ruby/Gems/2.3.0/gems/actionpack-5.0.6/lib/action_dispatch/middleware/templates/rescues/diagnostics.html.erb within rescues/layout (103.1ms)
Started GET "/searches/4" for 127.0.0.1 at 2017-11-27 11:12:30 -0500
Processing by SearchesController#show as HTML
  Parameters: {"id"=>"4"}
  [1m[36mSearch Load (0.3ms)[0m  [1m[34mSELECT  "searches".* FROM "searches" WHERE "searches"."id" = $1 LIMIT $2[0m  [["id", 4], ["LIMIT", 1]]
Completed 500 Internal Server Error in 456ms (ActiveRecord: 0.3ms)


  
Twitter::Error::TooManyRequests (Rate limit exceeded):
  
app/controllers/searches_controller.rb:13:in `show'
  Rendering /Library/Ruby/Gems/2.3.0/gems/actionpack-5.0.6/lib/action_dispatch/middleware/templates/rescues/diagnostics.html.erb within rescues/layout
  Rendering /Library/Ruby/Gems/2.3.0/gems/actionpack-5.0.6/lib/action_dispatch/middleware/templates/rescues/_source.html.erb
  Rendered /Library/Ruby/Gems/2.3.0/gems/actionpack-5.0.6/lib/action_dispatch/middleware/templates/rescues/_source.html.erb (4.5ms)
  Rendering /Library/Ruby/Gems/2.3.0/gems/actionpack-5.0.6/lib/action_dispatch/middleware/templates/rescues/_trace.html.erb
  Rendered /Library/Ruby/Gems/2.3.0/gems/actionpack-5.0.6/lib/action_dispatch/middleware/templates/rescues/_trace.html.erb (2.7ms)
  Rendering /Library/Ruby/Gems/2.3.0/gems/actionpack-5.0.6/lib/action_dispatch/middleware/templates/rescues/_request_and_response.html.erb
  Rendered /Library/Ruby/Gems/2.3.0/gems/actionpack-5.0.6/lib/action_dispatch/middleware/templates/rescues/_request_and_response.html.erb (1.0ms)
  Rendered /Library/Ruby/Gems/2.3.0/gems/actionpack-5.0.6/lib/action_dispatch/middleware/templates/rescues/diagnostics.html.erb within rescues/layout (110.5ms)
Started GET "/searches/4" for 127.0.0.1 at 2017-11-27 11:12:35 -0500
Processing by SearchesController#show as HTML
  Parameters: {"id"=>"4"}
  [1m[36mSearch Load (0.5ms)[0m  [1m[34mSELECT  "searches".* FROM "searches" WHERE "searches"."id" = $1 LIMIT $2[0m  [["id", 4], ["LIMIT", 1]]
Completed 500 Internal Server Error in 346ms (ActiveRecord: 0.5ms)


  
Twitter::Error::TooManyRequests (Rate limit exceeded):
  
app/controllers/searches_controller.rb:13:in `show'
  Rendering /Library/Ruby/Gems/2.3.0/gems/actionpack-5.0.6/lib/action_dispatch/middleware/templates/rescues/diagnostics.html.erb within rescues/layout
  Rendering /Library/Ruby/Gems/2.3.0/gems/actionpack-5.0.6/lib/action_dispatch/middleware/templates/rescues/_source.html.erb
  Rendered /Library/Ruby/Gems/2.3.0/gems/actionpack-5.0.6/lib/action_dispatch/middleware/templates/rescues/_source.html.erb (4.4ms)
  Rendering /Library/Ruby/Gems/2.3.0/gems/actionpack-5.0.6/lib/action_dispatch/middleware/templates/rescues/_trace.html.erb
  Rendered /Library/Ruby/Gems/2.3.0/gems/actionpack-5.0.6/lib/action_dispatch/middleware/templates/rescues/_trace.html.erb (2.2ms)
  Rendering /Library/Ruby/Gems/2.3.0/gems/actionpack-5.0.6/lib/action_dispatch/middleware/templates/rescues/_request_and_response.html.erb
  Rendered /Library/Ruby/Gems/2.3.0/gems/actionpack-5.0.6/lib/action_dispatch/middleware/templates/rescues/_request_and_response.html.erb (1.3ms)
  Rendered /Library/Ruby/Gems/2.3.0/gems/actionpack-5.0.6/lib/action_dispatch/middleware/templates/rescues/diagnostics.html.erb within rescues/layout (105.1ms)
Started GET "/searches/4" for 127.0.0.1 at 2017-11-27 11:12:39 -0500
Processing by SearchesController#show as HTML
  Parameters: {"id"=>"4"}
  [1m[36mSearch Load (0.3ms)[0m  [1m[34mSELECT  "searches".* FROM "searches" WHERE "searches"."id" = $1 LIMIT $2[0m  [["id", 4], ["LIMIT", 1]]
Completed 500 Internal Server Error in 276ms (ActiveRecord: 0.3ms)


  
Twitter::Error::TooManyRequests (Rate limit exceeded):
  
app/controllers/searches_controller.rb:13:in `show'
  Rendering /Library/Ruby/Gems/2.3.0/gems/actionpack-5.0.6/lib/action_dispatch/middleware/templates/rescues/diagnostics.html.erb within rescues/layout
  Rendering /Library/Ruby/Gems/2.3.0/gems/actionpack-5.0.6/lib/action_dispatch/middleware/templates/rescues/_source.html.erb
  Rendered /Library/Ruby/Gems/2.3.0/gems/actionpack-5.0.6/lib/action_dispatch/middleware/templates/rescues/_source.html.erb (4.0ms)
  Rendering /Library/Ruby/Gems/2.3.0/gems/actionpack-5.0.6/lib/action_dispatch/middleware/templates/rescues/_trace.html.erb
  Rendered /Library/Ruby/Gems/2.3.0/gems/actionpack-5.0.6/lib/action_dispatch/middleware/templates/rescues/_trace.html.erb (2.1ms)
  Rendering /Library/Ruby/Gems/2.3.0/gems/actionpack-5.0.6/lib/action_dispatch/middleware/templates/rescues/_request_and_response.html.erb
  Rendered /Library/Ruby/Gems/2.3.0/gems/actionpack-5.0.6/lib/action_dispatch/middleware/templates/rescues/_request_and_response.html.erb (1.2ms)
  Rendered /Library/Ruby/Gems/2.3.0/gems/actionpack-5.0.6/lib/action_dispatch/middleware/templates/rescues/diagnostics.html.erb within rescues/layout (110.2ms)
Started GET "/searches/4" for 127.0.0.1 at 2017-11-27 11:13:56 -0500
Processing by SearchesController#show as HTML
  Parameters: {"id"=>"4"}
  [1m[36mSearch Load (0.3ms)[0m  [1m[34mSELECT  "searches".* FROM "searches" WHERE "searches"."id" = $1 LIMIT $2[0m  [["id", 4], ["LIMIT", 1]]
Completed 500 Internal Server Error in 380ms (ActiveRecord: 0.3ms)


  
Twitter::Error::TooManyRequests (Rate limit exceeded):
  
app/controllers/searches_controller.rb:13:in `show'
  Rendering /Library/Ruby/Gems/2.3.0/gems/actionpack-5.0.6/lib/action_dispatch/middleware/templates/rescues/diagnostics.html.erb within rescues/layout
  Rendering /Library/Ruby/Gems/2.3.0/gems/actionpack-5.0.6/lib/action_dispatch/middleware/templates/rescues/_source.html.erb
  Rendered /Library/Ruby/Gems/2.3.0/gems/actionpack-5.0.6/lib/action_dispatch/middleware/templates/rescues/_source.html.erb (11.9ms)
  Rendering /Library/Ruby/Gems/2.3.0/gems/actionpack-5.0.6/lib/action_dispatch/middleware/templates/rescues/_trace.html.erb
  Rendered /Library/Ruby/Gems/2.3.0/gems/actionpack-5.0.6/lib/action_dispatch/middleware/templates/rescues/_trace.html.erb (2.3ms)
  Rendering /Library/Ruby/Gems/2.3.0/gems/actionpack-5.0.6/lib/action_dispatch/middleware/templates/rescues/_request_and_response.html.erb
  Rendered /Library/Ruby/Gems/2.3.0/gems/actionpack-5.0.6/lib/action_dispatch/middleware/templates/rescues/_request_and_response.html.erb (1.3ms)
  Rendered /Library/Ruby/Gems/2.3.0/gems/actionpack-5.0.6/lib/action_dispatch/middleware/templates/rescues/diagnostics.html.erb within rescues/layout (160.3ms)
Started GET "/searches/4" for 127.0.0.1 at 2017-11-27 11:14:00 -0500
Processing by SearchesController#show as HTML
  Parameters: {"id"=>"4"}
  [1m[36mSearch Load (0.2ms)[0m  [1m[34mSELECT  "searches".* FROM "searches" WHERE "searches"."id" = $1 LIMIT $2[0m  [["id", 4], ["LIMIT", 1]]
Completed 500 Internal Server Error in 271ms (ActiveRecord: 0.2ms)


  
Twitter::Error::TooManyRequests (Rate limit exceeded):
  
app/controllers/searches_controller.rb:13:in `show'
  Rendering /Library/Ruby/Gems/2.3.0/gems/actionpack-5.0.6/lib/action_dispatch/middleware/templates/rescues/diagnostics.html.erb within rescues/layout
  Rendering /Library/Ruby/Gems/2.3.0/gems/actionpack-5.0.6/lib/action_dispatch/middleware/templates/rescues/_source.html.erb
  Rendered /Library/Ruby/Gems/2.3.0/gems/actionpack-5.0.6/lib/action_dispatch/middleware/templates/rescues/_source.html.erb (4.2ms)
  Rendering /Library/Ruby/Gems/2.3.0/gems/actionpack-5.0.6/lib/action_dispatch/middleware/templates/rescues/_trace.html.erb
  Rendered /Library/Ruby/Gems/2.3.0/gems/actionpack-5.0.6/lib/action_dispatch/middleware/templates/rescues/_trace.html.erb (1.7ms)
  Rendering /Library/Ruby/Gems/2.3.0/gems/actionpack-5.0.6/lib/action_dispatch/middleware/templates/rescues/_request_and_response.html.erb
  Rendered /Library/Ruby/Gems/2.3.0/gems/actionpack-5.0.6/lib/action_dispatch/middleware/templates/rescues/_request_and_response.html.erb (0.9ms)
  Rendered /Library/Ruby/Gems/2.3.0/gems/actionpack-5.0.6/lib/action_dispatch/middleware/templates/rescues/diagnostics.html.erb within rescues/layout (99.3ms)
Started GET "/searches/4" for 127.0.0.1 at 2017-11-27 11:14:01 -0500
Processing by SearchesController#show as HTML
  Parameters: {"id"=>"4"}
  [1m[36mSearch Load (0.3ms)[0m  [1m[34mSELECT  "searches".* FROM "searches" WHERE "searches"."id" = $1 LIMIT $2[0m  [["id", 4], ["LIMIT", 1]]
Completed 500 Internal Server Error in 299ms (ActiveRecord: 0.3ms)


  
Twitter::Error::TooManyRequests (Rate limit exceeded):
  
app/controllers/searches_controller.rb:13:in `show'
  Rendering /Library/Ruby/Gems/2.3.0/gems/actionpack-5.0.6/lib/action_dispatch/middleware/templates/rescues/diagnostics.html.erb within rescues/layout
  Rendering /Library/Ruby/Gems/2.3.0/gems/actionpack-5.0.6/lib/action_dispatch/middleware/templates/rescues/_source.html.erb
  Rendered /Library/Ruby/Gems/2.3.0/gems/actionpack-5.0.6/lib/action_dispatch/middleware/templates/rescues/_source.html.erb (3.6ms)
  Rendering /Library/Ruby/Gems/2.3.0/gems/actionpack-5.0.6/lib/action_dispatch/middleware/templates/rescues/_trace.html.erb
  Rendered /Library/Ruby/Gems/2.3.0/gems/actionpack-5.0.6/lib/action_dispatch/middleware/templates/rescues/_trace.html.erb (2.4ms)
  Rendering /Library/Ruby/Gems/2.3.0/gems/actionpack-5.0.6/lib/action_dispatch/middleware/templates/rescues/_request_and_response.html.erb
  Rendered /Library/Ruby/Gems/2.3.0/gems/actionpack-5.0.6/lib/action_dispatch/middleware/templates/rescues/_request_and_response.html.erb (0.9ms)
  Rendered /Library/Ruby/Gems/2.3.0/gems/actionpack-5.0.6/lib/action_dispatch/middleware/templates/rescues/diagnostics.html.erb within rescues/layout (101.7ms)
Started GET "/searches/4" for 127.0.0.1 at 2017-11-27 11:14:03 -0500
Processing by SearchesController#show as HTML
  Parameters: {"id"=>"4"}
  [1m[36mSearch Load (0.3ms)[0m  [1m[34mSELECT  "searches".* FROM "searches" WHERE "searches"."id" = $1 LIMIT $2[0m  [["id", 4], ["LIMIT", 1]]
Completed 500 Internal Server Error in 266ms (ActiveRecord: 0.3ms)


  
Twitter::Error::TooManyRequests (Rate limit exceeded):
  
app/controllers/searches_controller.rb:13:in `show'
  Rendering /Library/Ruby/Gems/2.3.0/gems/actionpack-5.0.6/lib/action_dispatch/middleware/templates/rescues/diagnostics.html.erb within rescues/layout
  Rendering /Library/Ruby/Gems/2.3.0/gems/actionpack-5.0.6/lib/action_dispatch/middleware/templates/rescues/_source.html.erb
  Rendered /Library/Ruby/Gems/2.3.0/gems/actionpack-5.0.6/lib/action_dispatch/middleware/templates/rescues/_source.html.erb (3.5ms)
  Rendering /Library/Ruby/Gems/2.3.0/gems/actionpack-5.0.6/lib/action_dispatch/middleware/templates/rescues/_trace.html.erb
  Rendered /Library/Ruby/Gems/2.3.0/gems/actionpack-5.0.6/lib/action_dispatch/middleware/templates/rescues/_trace.html.erb (2.0ms)
  Rendering /Library/Ruby/Gems/2.3.0/gems/actionpack-5.0.6/lib/action_dispatch/middleware/templates/rescues/_request_and_response.html.erb
  Rendered /Library/Ruby/Gems/2.3.0/gems/actionpack-5.0.6/lib/action_dispatch/middleware/templates/rescues/_request_and_response.html.erb (0.9ms)
  Rendered /Library/Ruby/Gems/2.3.0/gems/actionpack-5.0.6/lib/action_dispatch/middleware/templates/rescues/diagnostics.html.erb within rescues/layout (101.8ms)
Started GET "/searches/4" for 127.0.0.1 at 2017-11-27 11:14:04 -0500
Processing by SearchesController#show as HTML
  Parameters: {"id"=>"4"}
  [1m[36mSearch Load (0.2ms)[0m  [1m[34mSELECT  "searches".* FROM "searches" WHERE "searches"."id" = $1 LIMIT $2[0m  [["id", 4], ["LIMIT", 1]]
Completed 500 Internal Server Error in 400ms (ActiveRecord: 0.2ms)


  
Twitter::Error::TooManyRequests (Rate limit exceeded):
  
app/controllers/searches_controller.rb:13:in `show'
  Rendering /Library/Ruby/Gems/2.3.0/gems/actionpack-5.0.6/lib/action_dispatch/middleware/templates/rescues/diagnostics.html.erb within rescues/layout
  Rendering /Library/Ruby/Gems/2.3.0/gems/actionpack-5.0.6/lib/action_dispatch/middleware/templates/rescues/_source.html.erb
  Rendered /Library/Ruby/Gems/2.3.0/gems/actionpack-5.0.6/lib/action_dispatch/middleware/templates/rescues/_source.html.erb (3.5ms)
  Rendering /Library/Ruby/Gems/2.3.0/gems/actionpack-5.0.6/lib/action_dispatch/middleware/templates/rescues/_trace.html.erb
  Rendered /Library/Ruby/Gems/2.3.0/gems/actionpack-5.0.6/lib/action_dispatch/middleware/templates/rescues/_trace.html.erb (1.7ms)
  Rendering /Library/Ruby/Gems/2.3.0/gems/actionpack-5.0.6/lib/action_dispatch/middleware/templates/rescues/_request_and_response.html.erb
  Rendered /Library/Ruby/Gems/2.3.0/gems/actionpack-5.0.6/lib/action_dispatch/middleware/templates/rescues/_request_and_response.html.erb (0.9ms)
  Rendered /Library/Ruby/Gems/2.3.0/gems/actionpack-5.0.6/lib/action_dispatch/middleware/templates/rescues/diagnostics.html.erb within rescues/layout (99.0ms)
Started GET "/searches/4" for 127.0.0.1 at 2017-11-27 11:14:15 -0500
Processing by SearchesController#show as HTML
  Parameters: {"id"=>"4"}
  [1m[36mSearch Load (0.3ms)[0m  [1m[34mSELECT  "searches".* FROM "searches" WHERE "searches"."id" = $1 LIMIT $2[0m  [["id", 4], ["LIMIT", 1]]
Completed 500 Internal Server Error in 302ms (ActiveRecord: 0.3ms)


  
Twitter::Error::TooManyRequests (Rate limit exceeded):
  
app/controllers/searches_controller.rb:13:in `show'
  Rendering /Library/Ruby/Gems/2.3.0/gems/actionpack-5.0.6/lib/action_dispatch/middleware/templates/rescues/diagnostics.html.erb within rescues/layout
  Rendering /Library/Ruby/Gems/2.3.0/gems/actionpack-5.0.6/lib/action_dispatch/middleware/templates/rescues/_source.html.erb
  Rendered /Library/Ruby/Gems/2.3.0/gems/actionpack-5.0.6/lib/action_dispatch/middleware/templates/rescues/_source.html.erb (4.0ms)
  Rendering /Library/Ruby/Gems/2.3.0/gems/actionpack-5.0.6/lib/action_dispatch/middleware/templates/rescues/_trace.html.erb
  Rendered /Library/Ruby/Gems/2.3.0/gems/actionpack-5.0.6/lib/action_dispatch/middleware/templates/rescues/_trace.html.erb (1.9ms)
  Rendering /Library/Ruby/Gems/2.3.0/gems/actionpack-5.0.6/lib/action_dispatch/middleware/templates/rescues/_request_and_response.html.erb
  Rendered /Library/Ruby/Gems/2.3.0/gems/actionpack-5.0.6/lib/action_dispatch/middleware/templates/rescues/_request_and_response.html.erb (1.2ms)
  Rendered /Library/Ruby/Gems/2.3.0/gems/actionpack-5.0.6/lib/action_dispatch/middleware/templates/rescues/diagnostics.html.erb within rescues/layout (102.4ms)
Started GET "/searches/4" for 127.0.0.1 at 2017-11-27 11:14:17 -0500
Processing by SearchesController#show as HTML
  Parameters: {"id"=>"4"}
  [1m[36mSearch Load (0.2ms)[0m  [1m[34mSELECT  "searches".* FROM "searches" WHERE "searches"."id" = $1 LIMIT $2[0m  [["id", 4], ["LIMIT", 1]]
Completed 500 Internal Server Error in 533ms (ActiveRecord: 0.2ms)


  
Twitter::Error::TooManyRequests (Rate limit exceeded):
  
app/controllers/searches_controller.rb:13:in `show'
  Rendering /Library/Ruby/Gems/2.3.0/gems/actionpack-5.0.6/lib/action_dispatch/middleware/templates/rescues/diagnostics.html.erb within rescues/layout
  Rendering /Library/Ruby/Gems/2.3.0/gems/actionpack-5.0.6/lib/action_dispatch/middleware/templates/rescues/_source.html.erb
  Rendered /Library/Ruby/Gems/2.3.0/gems/actionpack-5.0.6/lib/action_dispatch/middleware/templates/rescues/_source.html.erb (3.4ms)
  Rendering /Library/Ruby/Gems/2.3.0/gems/actionpack-5.0.6/lib/action_dispatch/middleware/templates/rescues/_trace.html.erb
  Rendered /Library/Ruby/Gems/2.3.0/gems/actionpack-5.0.6/lib/action_dispatch/middleware/templates/rescues/_trace.html.erb (1.7ms)
  Rendering /Library/Ruby/Gems/2.3.0/gems/actionpack-5.0.6/lib/action_dispatch/middleware/templates/rescues/_request_and_response.html.erb
  Rendered /Library/Ruby/Gems/2.3.0/gems/actionpack-5.0.6/lib/action_dispatch/middleware/templates/rescues/_request_and_response.html.erb (0.9ms)
  Rendered /Library/Ruby/Gems/2.3.0/gems/actionpack-5.0.6/lib/action_dispatch/middleware/templates/rescues/diagnostics.html.erb within rescues/layout (99.3ms)
Started GET "/searches/4" for 127.0.0.1 at 2017-11-27 11:14:18 -0500
Processing by SearchesController#show as HTML
  Parameters: {"id"=>"4"}
  [1m[36mSearch Load (0.3ms)[0m  [1m[34mSELECT  "searches".* FROM "searches" WHERE "searches"."id" = $1 LIMIT $2[0m  [["id", 4], ["LIMIT", 1]]
Completed 500 Internal Server Error in 464ms (ActiveRecord: 0.3ms)


  
Twitter::Error::TooManyRequests (Rate limit exceeded):
  
app/controllers/searches_controller.rb:13:in `show'
  Rendering /Library/Ruby/Gems/2.3.0/gems/actionpack-5.0.6/lib/action_dispatch/middleware/templates/rescues/diagnostics.html.erb within rescues/layout
  Rendering /Library/Ruby/Gems/2.3.0/gems/actionpack-5.0.6/lib/action_dispatch/middleware/templates/rescues/_source.html.erb
  Rendered /Library/Ruby/Gems/2.3.0/gems/actionpack-5.0.6/lib/action_dispatch/middleware/templates/rescues/_source.html.erb (5.5ms)
  Rendering /Library/Ruby/Gems/2.3.0/gems/actionpack-5.0.6/lib/action_dispatch/middleware/templates/rescues/_trace.html.erb
  Rendered /Library/Ruby/Gems/2.3.0/gems/actionpack-5.0.6/lib/action_dispatch/middleware/templates/rescues/_trace.html.erb (2.3ms)
  Rendering /Library/Ruby/Gems/2.3.0/gems/actionpack-5.0.6/lib/action_dispatch/middleware/templates/rescues/_request_and_response.html.erb
  Rendered /Library/Ruby/Gems/2.3.0/gems/actionpack-5.0.6/lib/action_dispatch/middleware/templates/rescues/_request_and_response.html.erb (1.1ms)
  Rendered /Library/Ruby/Gems/2.3.0/gems/actionpack-5.0.6/lib/action_dispatch/middleware/templates/rescues/diagnostics.html.erb within rescues/layout (111.1ms)
Started GET "/searches/4" for 127.0.0.1 at 2017-11-27 11:17:43 -0500
Processing by SearchesController#show as HTML
  Parameters: {"id"=>"4"}
  [1m[36mSearch Load (0.3ms)[0m  [1m[34mSELECT  "searches".* FROM "searches" WHERE "searches"."id" = $1 LIMIT $2[0m  [["id", 4], ["LIMIT", 1]]
  Rendering searches/show.html.erb within layouts/application
  Rendered searches/show.html.erb within layouts/application (35344.0ms)
Completed 200 OK in 36603ms (Views: 35407.0ms | ActiveRecord: 0.3ms)


Started GET "/searches/3" for 127.0.0.1 at 2017-11-27 11:24:57 -0500
Processing by SearchesController#show as HTML
  Parameters: {"id"=>"3"}
  [1m[36mSearch Load (0.3ms)[0m  [1m[34mSELECT  "searches".* FROM "searches" WHERE "searches"."id" = $1 LIMIT $2[0m  [["id", 3], ["LIMIT", 1]]
  Rendering searches/show.html.erb within layouts/application
  Rendered searches/show.html.erb within layouts/application (6.4ms)
Completed 500 Internal Server Error in 1216ms (ActiveRecord: 0.3ms)


  
ActionView::Template::Error (undefined method `text' for #<Twitter::User id=1221067044>):
    21:     <%@twitts.collect do |tweet|%>
    22:       <tr>
    23:         <td><%= tweet.user.screen_name %></td>
    24:         <td><%= tweet.user.text %></td>
    25:         <td><% tweet %></td>
    26:       </tr>
    27:   <% end %>
  
app/views/searches/show.html.erb:24:in `block in _app_views_searches_show_html_erb___4349904686007100042_70221986019160'
app/views/searches/show.html.erb:21:in `collect'
app/views/searches/show.html.erb:21:in `_app_views_searches_show_html_erb___4349904686007100042_70221986019160'
  Rendering /Library/Ruby/Gems/2.3.0/gems/actionpack-5.0.6/lib/action_dispatch/middleware/templates/rescues/template_error.html.erb within rescues/layout
  Rendering /Library/Ruby/Gems/2.3.0/gems/actionpack-5.0.6/lib/action_dispatch/middleware/templates/rescues/_source.html.erb
  Rendered /Library/Ruby/Gems/2.3.0/gems/actionpack-5.0.6/lib/action_dispatch/middleware/templates/rescues/_source.html.erb (5.1ms)
  Rendering /Library/Ruby/Gems/2.3.0/gems/actionpack-5.0.6/lib/action_dispatch/middleware/templates/rescues/_trace.html.erb
  Rendered /Library/Ruby/Gems/2.3.0/gems/actionpack-5.0.6/lib/action_dispatch/middleware/templates/rescues/_trace.html.erb (2.1ms)
  Rendering /Library/Ruby/Gems/2.3.0/gems/actionpack-5.0.6/lib/action_dispatch/middleware/templates/rescues/_request_and_response.html.erb
  Rendered /Library/Ruby/Gems/2.3.0/gems/actionpack-5.0.6/lib/action_dispatch/middleware/templates/rescues/_request_and_response.html.erb (1.1ms)
  Rendered /Library/Ruby/Gems/2.3.0/gems/actionpack-5.0.6/lib/action_dispatch/middleware/templates/rescues/template_error.html.erb within rescues/layout (98.2ms)
Started GET "/searches/3" for 127.0.0.1 at 2017-11-27 11:25:06 -0500
Processing by SearchesController#show as HTML
  Parameters: {"id"=>"3"}
  [1m[36mSearch Load (0.2ms)[0m  [1m[34mSELECT  "searches".* FROM "searches" WHERE "searches"."id" = $1 LIMIT $2[0m  [["id", 3], ["LIMIT", 1]]
  Rendering searches/show.html.erb within layouts/application
  Rendered searches/show.html.erb within layouts/application (5920.2ms)
Completed 200 OK in 7046ms (Views: 5978.2ms | ActiveRecord: 0.2ms)


Started GET "/" for 127.0.0.1 at 2017-11-27 11:26:44 -0500
Processing by SearchesController#index as HTML
  Rendering searches/index.html.erb within layouts/application
  [1m[36mSearch Load (0.4ms)[0m  [1m[34mSELECT "searches".* FROM "searches"[0m
  Rendered searches/index.html.erb within layouts/application (4.1ms)
Completed 200 OK in 60ms (Views: 56.1ms | ActiveRecord: 0.4ms)


Started GET "/" for 127.0.0.1 at 2017-11-27 11:26:58 -0500
Processing by SearchesController#index as HTML
  Rendering searches/index.html.erb within layouts/application
  [1m[36mSearch Load (0.4ms)[0m  [1m[34mSELECT "searches".* FROM "searches"[0m
  Rendered searches/index.html.erb within layouts/application (3.1ms)
Completed 200 OK in 61ms (Views: 57.1ms | ActiveRecord: 0.4ms)


Started GET "/searches/new" for 127.0.0.1 at 2017-11-27 11:27:06 -0500
Processing by SearchesController#new as HTML
  Rendering searches/new.html.erb within layouts/application
  Rendered searches/_form.html.erb (3.3ms)
  Rendered searches/new.html.erb within layouts/application (6.4ms)
Completed 200 OK in 64ms (Views: 57.8ms | ActiveRecord: 0.0ms)


Started POST "/searches" for 127.0.0.1 at 2017-11-27 11:27:13 -0500
Processing by SearchesController#create as HTML
  Parameters: {"utf8"=>"✓", "authenticity_token"=>"/NlMApkvfoF4Gbesa+1a1bSgkta6rZjICiTxEBBy0wwMUNh4ekaoXJ0c+hu9KRUCT+Km8OLbIi1wMG1zXIy9yQ==", "search"=>{"search"=>"hawaii"}, "commit"=>"Create Search"}
  [1m[35m (0.2ms)[0m  [1m[35mBEGIN[0m
  [1m[35mSQL (0.7ms)[0m  [1m[32mINSERT INTO "searches" ("search", "created_at", "updated_at") VALUES ($1, $2, $3) RETURNING "id"[0m  [["search", "hawaii"], ["created_at", "2017-11-27 16:27:13.251005"], ["updated_at", "2017-11-27 16:27:13.251005"]]
  [1m[35m (11.8ms)[0m  [1m[35mCOMMIT[0m
Redirected to http://localhost:3000/searches/5
Completed 302 Found in 18ms (ActiveRecord: 12.7ms)


Started GET "/searches/5" for 127.0.0.1 at 2017-11-27 11:27:13 -0500
Processing by SearchesController#show as HTML
  Parameters: {"id"=>"5"}
  [1m[36mSearch Load (0.3ms)[0m  [1m[34mSELECT  "searches".* FROM "searches" WHERE "searches"."id" = $1 LIMIT $2[0m  [["id", 5], ["LIMIT", 1]]
  Rendering searches/show.html.erb within layouts/application
  Rendered searches/show.html.erb within layouts/application (2921.8ms)
Completed 200 OK in 4305ms (Views: 2953.1ms | ActiveRecord: 0.3ms)


Started GET "/searches" for 127.0.0.1 at 2017-11-27 11:27:23 -0500
Processing by SearchesController#index as HTML
  Rendering searches/index.html.erb within layouts/application
  [1m[36mSearch Load (0.4ms)[0m  [1m[34mSELECT "searches".* FROM "searches"[0m
  Rendered searches/index.html.erb within layouts/application (2.9ms)
Completed 200 OK in 38ms (Views: 34.4ms | ActiveRecord: 0.4ms)


Started GET "/searches/5" for 127.0.0.1 at 2017-11-27 11:27:27 -0500
Processing by SearchesController#show as HTML
  Parameters: {"id"=>"5"}
  [1m[36mSearch Load (0.3ms)[0m  [1m[34mSELECT  "searches".* FROM "searches" WHERE "searches"."id" = $1 LIMIT $2[0m  [["id", 5], ["LIMIT", 1]]
  Rendering searches/show.html.erb within layouts/application
  Rendered searches/show.html.erb within layouts/application (2788.7ms)
Completed 200 OK in 4884ms (Views: 2825.7ms | ActiveRecord: 0.3ms)


Started GET "/" for 127.0.0.1 at 2017-11-27 11:27:49 -0500
Processing by SearchesController#index as HTML
  Rendering searches/index.html.erb within layouts/application
  [1m[36mSearch Load (0.4ms)[0m  [1m[34mSELECT "searches".* FROM "searches"[0m
  Rendered searches/index.html.erb within layouts/application (3.4ms)
Completed 200 OK in 44ms (Views: 38.5ms | ActiveRecord: 0.4ms)


